OIL FIELD 1
30+----+----+----+----+----+----+----+----+----+----+----+----+----+----+
  |....................................................................@|
  |....................................................................*|
  |....................................................................*|
  |....................................................................*|
25+....................................................................*+
  |....................................................................*|
  |....................................................................*|
  |....................................................................*|
  |....................................................................*|
20+....................................................................@+
  |....................................................................*|
  |....................................................................*|
  |....................................................................*|
  |....................................................................*|
15+....................................................................*+
  |....................................................................*|
  |....................................................................*|
  |....................................................................*|
  |@********************************************************************|
10+----+----+----+----+----+----+----+----+----+----+----+----+----+----+
  0    5    10   15   20   25   30   35   40   45   50   55   60   65   70
OIL FIELD 2
40+----+----+
  |.........|
  |.........|
  |.........|
  |.........|
35+****@****+
  |.........|
  |.........|
  |.........|
  |.........|
30+----+----+
  30   35   40
OIL FIELD 3
Map is too big to draw for pipeline at 1
OIL FIELD 4
10+----+----+
  |.........|
  |.........|
  |..@......|
  |..*......|
 5+..*......+
  |..*@.....|
  |..**.....|
  |*@*******|
  |.....@...|
 0+----+----+
  0    5    10
OIL FIELD 5
20+----+----+----+----+----+----+----+----+
  |.......................................|
  |.......................................|
  |@......................................|
  |*......................................|
15+*..................@...................+
  |*..................*...................|
  |*..................*...................|
  |***********@***************************|
  |..................................*....|
10+..................................*....+
  |..................................@....|
  |.......................................|
  |.......................................|
  |.......................................|
 5+----+----+----+----+----+----+----+----+
  30   35   40   45   50   55   60   65   70
OIL FIELD 6
15+----+----+----+----+----+----+----+----+----+----+----+
  |......................................................|
  |......................................................|
  |......................................................|
  |......................................................|
10+.................................................@....+
  |.................................................*....|
  |.................................................*....|
  |.................................................*....|
  |.................................................*....|
 5+***@**************************************************+
  |..@...................................................|
  |......................................................|
  |......................................................|
  |......................................................|
 0+----+----+----+----+----+----+----+----+----+----+----+
  0    5    10   15   20   25   30   35   40   45   50   55
OIL FIELD 7
5+----+----+
 |....@....|
 |....@....|
 |***@*****|
 |...@.....|
0+----+----+
 0    5    10
OIL FIELD 8
Map is too big to draw for pipeline at 20
OIL FIELD 9
25+----+----+
  |.........|
  |.........|
  |.........|
  |.........|
20+....@....+
  |....*....|
  |....*....|
  |....*....|
  |....*....|
15+....@....+
  |....*....|
  |....*....|
  |....*....|
  |....*....|
10+****@****+
  |.........|
  |.........|
  |.........|
  |.........|
 5+----+----+
  65   70   75
OIL FIELD 10
Map is too big to draw for pipeline at 10
OIL FIELD 11
75+----+----+----+
  |..............|
  |....@.........|
  |....*.........|
  |....*.........|
70+....*........@+
  |....*........*|
  |....*........*|
  |....*........*|
  |....*........*|
65+*********@****+
  |....*.........|
  |....*.........|
  |....*.........|
  |....*.........|
60+....@.........+
  |..............|
  |..............|
  |..............|
  |..............|
55+----+----+----+
  80   85   90   95
OIL FIELD 12
75+----+----+----+
  |..............|
  |....@.........|
  |....*.........|
  |....*.........|
70+....*........@+
  |....*........*|
  |....*........*|
  |....*........*|
  |....*........*|
65+****@****@****+
  |....*.........|
  |....*.........|
  |....*.........|
  |....*.........|
60+....@.........+
  |..............|
  |..............|
  |..............|
  |..............|
55+----+----+----+
  80   85   90   95
OIL FIELD 13
75+----+
  |....|
  |@@@@|
  |....|
  |....|
70+----+
  0    5
OIL FIELD 14
65+----+
  |@@@@|
  |@@@@|
  |@@@@|
  |@@@@|
60+----+
  0    5
OIL FIELD 15
Map is too big to draw for pipeline at 12
OIL FIELD 16
Map is too big to draw for pipeline at 13
