Puzzle 1
641598372
392674185
758213496
524967831
963481257
187352649
815746923
439125768
276839514
Puzzle 2
675439218
134862975
982175436
468317592
359624187
217598643
791286354
523741869
846953721
Puzzle 3
195746283
243189567
876352941
739418625
412965378
568273194
657891432
924537816
381624759
Puzzle 4
317582694
562934781
489761352
674859213
953216847
128473965
846127539
295348176
731695428
Puzzle 5
876329154
319584627
425617839
164235978
538971246
792468513
241796385
953842761
687153492
Puzzle 6
643859721
759412863
128367954
865943217
317528496
492176538
284691375
931785642
576234189
