Image 1:
0000
1000
0011
0011
Image 2:
11110000
11110000
11110011
11110011
00000100
00000100
00000011
00000011
Image 3:
0000
0000
0000
0000
Image 4:
1111
1111
0011
0011
Image 5:
1111
0111
1100
1100
Image 6:
00001111
00001111
00001100
00001100
11111011
11111011
11111100
11111100
Image 7:
1111
1111
1111
1111
Image 8:
0000
0000
1100
1100
Image 9:
0
Image 10:
1
Image 11:
10
01
Image 12:
01
10
Image 13:
1010
0101
1010
0101
Image 14:
0101
1010
0101
1010
Image 15:
10101010
01010101
10101010
01010101
10101010
01010101
10101010
01010101
Image 16:
01010101
10101010
01010101
10101010
01010101
10101010
01010101
10101010
Image 17:
1010101010101010
0101010101010101
1010101010101010
0101010101010101
1010101010101010
0101010101010101
1010101010101010
0101010101010101
1010101010101010
0101010101010101
1010101010101010
0101010101010101
1010101010101010
0101010101010101
1010101010101010
0101010101010101
Image 18:
0101010101010101
1010101010101010
0101010101010101
1010101010101010
0101010101010101
1010101010101010
0101010101010101
1010101010101010
0101010101010101
1010101010101010
0101010101010101
1010101010101010
0101010101010101
1010101010101010
0101010101010101
1010101010101010
Image 19:
10101010101010101010101010101010
01010101010101010101010101010101
10101010101010101010101010101010
01010101010101010101010101010101
10101010101010101010101010101010
01010101010101010101010101010101
10101010101010101010101010101010
01010101010101010101010101010101
10101010101010101010101010101010
01010101010101010101010101010101
10101010101010101010101010101010
01010101010101010101010101010101
10101010101010101010101010101010
01010101010101010101010101010101
10101010101010101010101010101010
01010101010101010101010101010101
10101010101010101010101010101010
01010101010101010101010101010101
10101010101010101010101010101010
01010101010101010101010101010101
10101010101010101010101010101010
01010101010101010101010101010101
10101010101010101010101010101010
01010101010101010101010101010101
10101010101010101010101010101010
01010101010101010101010101010101
10101010101010101010101010101010
01010101010101010101010101010101
10101010101010101010101010101010
01010101010101010101010101010101
10101010101010101010101010101010
01010101010101010101010101010101
Image 20:
01010101010101010101010101010101
10101010101010101010101010101010
01010101010101010101010101010101
10101010101010101010101010101010
01010101010101010101010101010101
10101010101010101010101010101010
01010101010101010101010101010101
10101010101010101010101010101010
01010101010101010101010101010101
10101010101010101010101010101010
01010101010101010101010101010101
10101010101010101010101010101010
01010101010101010101010101010101
10101010101010101010101010101010
01010101010101010101010101010101
10101010101010101010101010101010
01010101010101010101010101010101
10101010101010101010101010101010
01010101010101010101010101010101
10101010101010101010101010101010
01010101010101010101010101010101
10101010101010101010101010101010
01010101010101010101010101010101
10101010101010101010101010101010
01010101010101010101010101010101
10101010101010101010101010101010
01010101010101010101010101010101
10101010101010101010101010101010
01010101010101010101010101010101
10101010101010101010101010101010
01010101010101010101010101010101
10101010101010101010101010101010
Image 21:
1010101010101010101010101010101010101010101010101010101010101010
0101010101010101010101010101010101010101010101010101010101010101
1010101010101010101010101010101010101010101010101010101010101010
0101010101010101010101010101010101010101010101010101010101010101
1010101010101010101010101010101010101010101010101010101010101010
0101010101010101010101010101010101010101010101010101010101010101
1010101010101010101010101010101010101010101010101010101010101010
0101010101010101010101010101010101010101010101010101010101010101
1010101010101010101010101010101010101010101010101010101010101010
0101010101010101010101010101010101010101010101010101010101010101
1010101010101010101010101010101010101010101010101010101010101010
0101010101010101010101010101010101010101010101010101010101010101
1010101010101010101010101010101010101010101010101010101010101010
0101010101010101010101010101010101010101010101010101010101010101
1010101010101010101010101010101010101010101010101010101010101010
0101010101010101010101010101010101010101010101010101010101010101
1010101010101010101010101010101010101010101010101010101010101010
0101010101010101010101010101010101010101010101010101010101010101
1010101010101010101010101010101010101010101010101010101010101010
0101010101010101010101010101010101010101010101010101010101010101
1010101010101010101010101010101010101010101010101010101010101010
0101010101010101010101010101010101010101010101010101010101010101
1010101010101010101010101010101010101010101010101010101010101010
0101010101010101010101010101010101010101010101010101010101010101
1010101010101010101010101010101010101010101010101010101010101010
0101010101010101010101010101010101010101010101010101010101010101
1010101010101010101010101010101010101010101010101010101010101010
0101010101010101010101010101010101010101010101010101010101010101
1010101010101010101010101010101010101010101010101010101010101010
0101010101010101010101010101010101010101010101010101010101010101
1010101010101010101010101010101010101010101010101010101010101010
0101010101010101010101010101010101010101010101010101010101010101
1010101010101010101010101010101010101010101010101010101010101010
0101010101010101010101010101010101010101010101010101010101010101
1010101010101010101010101010101010101010101010101010101010101010
0101010101010101010101010101010101010101010101010101010101010101
1010101010101010101010101010101010101010101010101010101010101010
0101010101010101010101010101010101010101010101010101010101010101
1010101010101010101010101010101010101010101010101010101010101010
0101010101010101010101010101010101010101010101010101010101010101
1010101010101010101010101010101010101010101010101010101010101010
0101010101010101010101010101010101010101010101010101010101010101
1010101010101010101010101010101010101010101010101010101010101010
0101010101010101010101010101010101010101010101010101010101010101
1010101010101010101010101010101010101010101010101010101010101010
0101010101010101010101010101010101010101010101010101010101010101
1010101010101010101010101010101010101010101010101010101010101010
0101010101010101010101010101010101010101010101010101010101010101
1010101010101010101010101010101010101010101010101010101010101010
0101010101010101010101010101010101010101010101010101010101010101
1010101010101010101010101010101010101010101010101010101010101010
0101010101010101010101010101010101010101010101010101010101010101
1010101010101010101010101010101010101010101010101010101010101010
0101010101010101010101010101010101010101010101010101010101010101
1010101010101010101010101010101010101010101010101010101010101010
0101010101010101010101010101010101010101010101010101010101010101
1010101010101010101010101010101010101010101010101010101010101010
0101010101010101010101010101010101010101010101010101010101010101
1010101010101010101010101010101010101010101010101010101010101010
0101010101010101010101010101010101010101010101010101010101010101
1010101010101010101010101010101010101010101010101010101010101010
0101010101010101010101010101010101010101010101010101010101010101
1010101010101010101010101010101010101010101010101010101010101010
0101010101010101010101010101010101010101010101010101010101010101
Image 22:
0101010101010101010101010101010101010101010101010101010101010101
1010101010101010101010101010101010101010101010101010101010101010
0101010101010101010101010101010101010101010101010101010101010101
1010101010101010101010101010101010101010101010101010101010101010
0101010101010101010101010101010101010101010101010101010101010101
1010101010101010101010101010101010101010101010101010101010101010
0101010101010101010101010101010101010101010101010101010101010101
1010101010101010101010101010101010101010101010101010101010101010
0101010101010101010101010101010101010101010101010101010101010101
1010101010101010101010101010101010101010101010101010101010101010
0101010101010101010101010101010101010101010101010101010101010101
1010101010101010101010101010101010101010101010101010101010101010
0101010101010101010101010101010101010101010101010101010101010101
1010101010101010101010101010101010101010101010101010101010101010
0101010101010101010101010101010101010101010101010101010101010101
1010101010101010101010101010101010101010101010101010101010101010
0101010101010101010101010101010101010101010101010101010101010101
1010101010101010101010101010101010101010101010101010101010101010
0101010101010101010101010101010101010101010101010101010101010101
1010101010101010101010101010101010101010101010101010101010101010
0101010101010101010101010101010101010101010101010101010101010101
1010101010101010101010101010101010101010101010101010101010101010
0101010101010101010101010101010101010101010101010101010101010101
1010101010101010101010101010101010101010101010101010101010101010
0101010101010101010101010101010101010101010101010101010101010101
1010101010101010101010101010101010101010101010101010101010101010
0101010101010101010101010101010101010101010101010101010101010101
1010101010101010101010101010101010101010101010101010101010101010
0101010101010101010101010101010101010101010101010101010101010101
1010101010101010101010101010101010101010101010101010101010101010
0101010101010101010101010101010101010101010101010101010101010101
1010101010101010101010101010101010101010101010101010101010101010
0101010101010101010101010101010101010101010101010101010101010101
1010101010101010101010101010101010101010101010101010101010101010
0101010101010101010101010101010101010101010101010101010101010101
1010101010101010101010101010101010101010101010101010101010101010
0101010101010101010101010101010101010101010101010101010101010101
1010101010101010101010101010101010101010101010101010101010101010
0101010101010101010101010101010101010101010101010101010101010101
1010101010101010101010101010101010101010101010101010101010101010
0101010101010101010101010101010101010101010101010101010101010101
1010101010101010101010101010101010101010101010101010101010101010
0101010101010101010101010101010101010101010101010101010101010101
1010101010101010101010101010101010101010101010101010101010101010
0101010101010101010101010101010101010101010101010101010101010101
1010101010101010101010101010101010101010101010101010101010101010
0101010101010101010101010101010101010101010101010101010101010101
1010101010101010101010101010101010101010101010101010101010101010
0101010101010101010101010101010101010101010101010101010101010101
1010101010101010101010101010101010101010101010101010101010101010
0101010101010101010101010101010101010101010101010101010101010101
1010101010101010101010101010101010101010101010101010101010101010
0101010101010101010101010101010101010101010101010101010101010101
1010101010101010101010101010101010101010101010101010101010101010
0101010101010101010101010101010101010101010101010101010101010101
1010101010101010101010101010101010101010101010101010101010101010
0101010101010101010101010101010101010101010101010101010101010101
1010101010101010101010101010101010101010101010101010101010101010
0101010101010101010101010101010101010101010101010101010101010101
1010101010101010101010101010101010101010101010101010101010101010
0101010101010101010101010101010101010101010101010101010101010101
1010101010101010101010101010101010101010101010101010101010101010
0101010101010101010101010101010101010101010101010101010101010101
1010101010101010101010101010101010101010101010101010101010101010
Image 23:
1111111111111111111111111111111111111111111111111111111111111111
1111111111111111111111111111111111111111111111111111111111111111
1111111111111111111111111111111111111111111111111111111111111111
1111111111111111111111111111111111111111111111111111111111111111
1111111111111111111111111111111111111111111111111111111111111111
1111111111111111111111111111111111111111111111111111111111111111
1111111111111111111111111111111111111111111111111111111111111111
1111111111111111111111111111111111111111111111111111111111111111
1111111111111111111111111111111111111111111111111111111111111111
1111111111111111111111111111111111111111111111111111111111111111
1111111111111111111111111111111111111111111111111111111111111111
1111111111111111111111111111111111111111111111111111111111111111
1111111111111111111111111111111111111111111111111111111111111111
1111111111111111111111111111111111111111111111111111111111111111
1111111111111111111111111111111111111111111111111111111111111111
1111111111111111111111111111111111111111111111111111111111111111
1111111111111111111111111111111111111111111111111111111111111111
1111111111111111111111111111111111111111111111111111111111111111
1111111111111111111111111111111111111111111111111111111111111111
1111111111111111111111111111111111111111111111111111111111111111
1111111111111111111111111111111111111111111111111111111111111111
1111111111111111111111111111111111111111111111111111111111111111
1111111111111111111111111111111111111111111111111111111111111111
1111111111111111111111111111111111111111111111111111111111111111
1111111111111111111111111111111111111111111111111111111111111111
1111111111111111111111111111111111111111111111111111111111111111
1111111111111111111111111111111111111111111111111111111111111111
1111111111111111111111111111111111111111111111111111111111111111
1111111111111111111111111111111111111111111111111111111111111111
1111111111111111111111111111111111111111111111111111111111111111
1111111111111111111111111111111111111111111111111111111111111111
1111111111111111111111111111111111111111111111111111111111111111
1111111111111111000011111111111100000000000000001111111100000000
1111111111111111000011111111111100000000000000001111111100000000
1111111111111111000011111111111100000000000000001111111100000000
1111111111111111000011111111111100000000000000001111111100000000
1111111111111111000010111111111100000000000000001111111100000000
1111111111111111000001001111111100000000000000001111111100000000
1111111111111111000011001111111100000000000000001111111100000000
1111111111111111000011001111111100000000000000001111111100000000
1111111111111111111111110000000000000000000000000000000011111111
1111111111111111111111110000000000000000000000000000000011111111
1111111111111111111111110000000000000000000000000000000011111111
1111111111111111111111110000000000000000000000000000000011111111
1111111111111111111111110000000000000000000000000000000011111111
1111111111111111111111110000000000000000000000000000000011111111
1111111111111111111111110000000000000000000000000000000011111111
1111111111111111111111110000000000000000000000000000000011111111
1111111111111111000000000000000000000000000000001111111111111111
1111111111111111000000000000000000000000000000001111111111111111
1111111111111111000000000000000000000000000000001111111111111111
1111111111111111000000000000000000000000000000001111111111111111
1111111111111111000000000000000000000000000000001111111111111111
1111111111111111000000000000000000000000000000001111111111111111
1111111111111111000000000000000000000000000000001111111111111111
1111111111111111000000000000000000000000000000001111111111111111
1111111111111111000000000000000000000000000000001111111111111111
1111111111111111000000000000000000000000000000001111111111111111
1111111111111111000000000000000000000000000000001111111111111111
1111111111111111000000000000000000000000000000001111111111111111
1111111111111111000000000000000000000000000000001111111111111111
1111111111111111000000000000000000000000000000001111111111111111
1111111111111111000000000000000000000000000000001111111111111111
1111111111111111000000000000000000000000000000001111111111111111
Image 24:
0000000000000000000000000000000000000000000000000000000000000000
0000000000000000000000000000000000000000000000000000000000000000
0000000000000000000000000000000000000000000000000000000000000000
0000000000000000000000000000000000000000000000000000000000000000
0000000000000000000000000000000000000000000000000000000000000000
0000000000000000000000000000000000000000000000000000000000000000
0000000000000000000000000000000000000000000000000000000000000000
0000000000000000000000000000000000000000000000000000000000000000
0000000000000000000000000000000000000000000000000000000000000000
0000000000000000000000000000000000000000000000000000000000000000
0000000000000000000000000000000000000000000000000000000000000000
0000000000000000000000000000000000000000000000000000000000000000
0000000000000000000000000000000000000000000000000000000000000000
0000000000000000000000000000000000000000000000000000000000000000
0000000000000000000000000000000000000000000000000000000000000000
0000000000000000000000000000000000000000000000000000000000000000
0000000000000000000000000000000000000000000000000000000000000000
0000000000000000000000000000000000000000000000000000000000000000
0000000000000000000000000000000000000000000000000000000000000000
0000000000000000000000000000000000000000000000000000000000000000
0000000000000000000000000000000000000000000000000000000000000000
0000000000000000000000000000000000000000000000000000000000000000
0000000000000000000000000000000000000000000000000000000000000000
0000000000000000000000000000000000000000000000000000000000000000
0000000000000000000000000000000000000000000000000000000000000000
0000000000000000000000000000000000000000000000000000000000000000
0000000000000000000000000000000000000000000000000000000000000000
0000000000000000000000000000000000000000000000000000000000000000
0000000000000000000000000000000000000000000000000000000000000000
0000000000000000000000000000000000000000000000000000000000000000
0000000000000000000000000000000000000000000000000000000000000000
0000000000000000000000000000000000000000000000000000000000000000
0000000000000000111100000000000011111111111111110000000011111111
0000000000000000111100000000000011111111111111110000000011111111
0000000000000000111100000000000011111111111111110000000011111111
0000000000000000111100000000000011111111111111110000000011111111
0000000000000000111101000000000011111111111111110000000011111111
0000000000000000111110110000000011111111111111110000000011111111
0000000000000000111100110000000011111111111111110000000011111111
0000000000000000111100110000000011111111111111110000000011111111
0000000000000000000000001111111111111111111111111111111100000000
0000000000000000000000001111111111111111111111111111111100000000
0000000000000000000000001111111111111111111111111111111100000000
0000000000000000000000001111111111111111111111111111111100000000
0000000000000000000000001111111111111111111111111111111100000000
0000000000000000000000001111111111111111111111111111111100000000
0000000000000000000000001111111111111111111111111111111100000000
0000000000000000000000001111111111111111111111111111111100000000
0000000000000000111111111111111111111111111111110000000000000000
0000000000000000111111111111111111111111111111110000000000000000
0000000000000000111111111111111111111111111111110000000000000000
0000000000000000111111111111111111111111111111110000000000000000
0000000000000000111111111111111111111111111111110000000000000000
0000000000000000111111111111111111111111111111110000000000000000
0000000000000000111111111111111111111111111111110000000000000000
0000000000000000111111111111111111111111111111110000000000000000
0000000000000000111111111111111111111111111111110000000000000000
0000000000000000111111111111111111111111111111110000000000000000
0000000000000000111111111111111111111111111111110000000000000000
0000000000000000111111111111111111111111111111110000000000000000
0000000000000000111111111111111111111111111111110000000000000000
0000000000000000111111111111111111111111111111110000000000000000
0000000000000000111111111111111111111111111111110000000000000000
0000000000000000111111111111111111111111111111110000000000000000
Image 25:
1111111111111111111111111111111111111111111111111111111111111111
1111111111111111111111111111111111111111111111111111111111111111
1111111111111111111111111111111111111111111111111111111111111111
1111111111111111111111111111111111111111111111111111111111111111
1111111111111111111111111111111111111111111111111111111111111111
1111111111111111111111111111111111111111111111111111111111111111
1111111111111111111111111111111111111111111111111111111111111111
1111111111111111111111111111111111111111111111111111111111111111
1111111111111111111111111111111111111111111111111111111111111111
1111111111111111111111111111111111111111111111111111111111111111
1111111111111111111111111111111111111111111111111111111111111111
1111111111111111111111111111111111111111111111111111111111111111
1111111111111111111111111111111111111111111111111111111111111111
1111111111111111111111111111111111111111111111111111111111111111
1111111111111111111111111111111111111111111111111111111111111111
1111111111111111111111111111111111111111111111111111111111111111
1111111111111111111111111111111111111111111111111111111111111111
1111111111111111111111111111111111111111111111111111111111111111
1111111111111111111111111111111111111111111111111111111111111111
1111111111111111111111111111111111111111111111111111111111111111
1111111111111111111111111111111111111111111111111111111111111111
1111111111111111111111111111111111111111111111111111111111111111
1111111111111111111111111111111111111111111111111111111111111111
1111111111111111111111111111111111111111111111111111111111111111
1111111111111111111111111111111111111111111111111111111111111111
1111111111111111111111111111111111111111111111111111111111111111
1111111111111111111111111111111111111111111111111111111111111111
1111111111111111111111111111111111111111111111111111111111111111
1111111111111111111111111111111111111111111111111111111111111111
1111111111111111111111111111111111111111111111111111111111111111
1111111111111111111111111111111111111111111111111111111111111111
1111111111111111111111111111111111111111111111111111111111111111
1111111111111111111111111111111111111111111111111111111111111111
1111111111111111111111111111111111111111111111111111111111111111
1111111111111111111111111111111111111111111111111111111111111111
1111111111111111111111111111111111111111111111111111111111111111
1111111111111111111111111111111111111111111111111111111111111111
1111111111111111111111111111111111111111111111111111111111111111
1111111111111111111111111111111111111111111111111111111111111111
1111111111111111111111111111111111111111111111111111111111111111
1111111111111111111111111111111111111111111111111111111111111111
1111111111111111111111111111111111111111111111111111111111111111
1111111111111111111111111111111111111111111111111111111111111111
1111111111111111111111111111111111111111111111111111111111111111
1111111111111111111111111111111111111111111111111111111111111111
1111111111111111111111111111111111111111111111111111111111111111
1111111111111111111111111111111111111111111111111111111111111111
1111111111111111111111111111111111111111111111111111111111111111
1111111111111111111111111111111111111111111111111111111111111111
1111111111111111111111111111111111111111111111111111111111111111
1111111111111111111111111111111111111111111111111111111111111111
1111111111111111111111111111111111111111111111111111111111111111
1111111111111111111111111111111111111111111111111111111111111111
1111111111111111111111111111111111111111111111111111111111111111
1111111111111111111111111111111111111111111111111111111111111111
1111111111111111111111111111111111111111111111111111111111111111
1111111111111111111111111111111111111111111111111111111111111111
1111111111111111111111111111111111111111111111111111111111111111
1111111111111111111111111111111111111111111111111111111111111111
1111111111111111111111111111111111111111111111111111111111111111
1111111111111111111111111111111111111111111111111111111111111111
1111111111111111111111111111111111111111111111111111111111111111
1111111111111111111111111111111111111111111111111111111111111111
1111111111111111111111111111111111111111111111111111111111111111
Image 26:
0000000000000000000000000000000000000000000000000000000000000000
0000000000000000000000000000000000000000000000000000000000000000
0000000000000000000000000000000000000000000000000000000000000000
0000000000000000000000000000000000000000000000000000000000000000
0000000000000000000000000000000000000000000000000000000000000000
0000000000000000000000000000000000000000000000000000000000000000
0000000000000000000000000000000000000000000000000000000000000000
0000000000000000000000000000000000000000000000000000000000000000
0000000000000000000000000000000000000000000000000000000000000000
0000000000000000000000000000000000000000000000000000000000000000
0000000000000000000000000000000000000000000000000000000000000000
0000000000000000000000000000000000000000000000000000000000000000
0000000000000000000000000000000000000000000000000000000000000000
0000000000000000000000000000000000000000000000000000000000000000
0000000000000000000000000000000000000000000000000000000000000000
0000000000000000000000000000000000000000000000000000000000000000
0000000000000000000000000000000000000000000000000000000000000000
0000000000000000000000000000000000000000000000000000000000000000
0000000000000000000000000000000000000000000000000000000000000000
0000000000000000000000000000000000000000000000000000000000000000
0000000000000000000000000000000000000000000000000000000000000000
0000000000000000000000000000000000000000000000000000000000000000
0000000000000000000000000000000000000000000000000000000000000000
0000000000000000000000000000000000000000000000000000000000000000
0000000000000000000000000000000000000000000000000000000000000000
0000000000000000000000000000000000000000000000000000000000000000
0000000000000000000000000000000000000000000000000000000000000000
0000000000000000000000000000000000000000000000000000000000000000
0000000000000000000000000000000000000000000000000000000000000000
0000000000000000000000000000000000000000000000000000000000000000
0000000000000000000000000000000000000000000000000000000000000000
0000000000000000000000000000000000000000000000000000000000000000
0000000000000000000000000000000000000000000000000000000000000000
0000000000000000000000000000000000000000000000000000000000000000
0000000000000000000000000000000000000000000000000000000000000000
0000000000000000000000000000000000000000000000000000000000000000
0000000000000000000000000000000000000000000000000000000000000000
0000000000000000000000000000000000000000000000000000000000000000
0000000000000000000000000000000000000000000000000000000000000000
0000000000000000000000000000000000000000000000000000000000000000
0000000000000000000000000000000000000000000000000000000000000000
0000000000000000000000000000000000000000000000000000000000000000
0000000000000000000000000000000000000000000000000000000000000000
0000000000000000000000000000000000000000000000000000000000000000
0000000000000000000000000000000000000000000000000000000000000000
0000000000000000000000000000000000000000000000000000000000000000
0000000000000000000000000000000000000000000000000000000000000000
0000000000000000000000000000000000000000000000000000000000000000
0000000000000000000000000000000000000000000000000000000000000000
0000000000000000000000000000000000000000000000000000000000000000
0000000000000000000000000000000000000000000000000000000000000000
0000000000000000000000000000000000000000000000000000000000000000
0000000000000000000000000000000000000000000000000000000000000000
0000000000000000000000000000000000000000000000000000000000000000
0000000000000000000000000000000000000000000000000000000000000000
0000000000000000000000000000000000000000000000000000000000000000
0000000000000000000000000000000000000000000000000000000000000000
0000000000000000000000000000000000000000000000000000000000000000
0000000000000000000000000000000000000000000000000000000000000000
0000000000000000000000000000000000000000000000000000000000000000
0000000000000000000000000000000000000000000000000000000000000000
0000000000000000000000000000000000000000000000000000000000000000
0000000000000000000000000000000000000000000000000000000000000000
0000000000000000000000000000000000000000000000000000000000000000
Image 27:
1111111111111111111111111111111111111111111111101111111111111111
1111111111111111111111111111111111111111111111011111111111111111
1111111111111111111111111111111111110111111111001111111111111111
1111111111111111111111111111111111111011111111001111111111111111
1111111111111111111111111111111111111111111100111111111111111111
1111111111111111111111111111111111111111111100111111111111111111
1111111111111111111111111111111110111111111111001111111111111111
1111111111111111111111111111111110111111111111111111111111111111
1111111111111111111111111111111111111111111111111111111111111111
1111111111111111111111111111111111110011111111111111111111111111
1111111111111111111111111111111111111101111111111111111111111111
1111111111111111111111111111111111111110111111111111111111111111
1111111111111111111111111111111111111111111111111111111111111111
1111111111111111111111111111111111111111111111111111111111111111
1111111111111111111111111111111111111111111111111111111111111111
1111111111111111111111111111111111111111111111111111111111111111
1111111111111111111111111111111111111111111111111111111111110011
1111111111111111111111111111111111111111111111111111111111110011
1111111111111111111111111111111101111111111111111111111111110011
1111111111111111111111111111111101111111111111111111111111110011
1111111111111111111111111111111100111111111111111111111111001111
1111111111111111111111111111111100111111111111111111111111111111
1111111111111111111111111111111111111111111111111111111101111011
1111111111111111111111111111111111111111111111111111111110110111
1111111111111111111111111111111111001000111111111111101111011111
1111111111111111111111111111111111000111111100111111101100011111
1111111111111111111111111111111110111000111111101111001111011111
1111111111111111111111111111111110110111111111101111001111011111
1111111111111111111111111111111111111101111100111111001011111111
1111111111111111111111111111111111111110111100111100001011111111
1111111111111111111111111111111111111100111111011110111100001111
1111111111111111111111111111111111001111111111101101111100001111
1111111111111111111111111111111111111111111111111111111111111111
1111111111111111111111111111111111111111111111111111111111111111
1111111111111111111111111111111111111111111111111111111111111111
1111111111111111111111111111111111111111111111111111111111111111
1111111111111111111111111111111111111111111111111111111111111111
1111111111111111111111111111111111111111111111111111111111111111
1111111111111111111111111111111111111111111111111111111111111111
1111111111111111111111111111111111111111111111111111111111111111
1111111111111111111111111111111111111111111111111111111111111111
1111111111111111111111111111111111111111111111111111111111111111
1111111111111111111111111111111111111111111111111111111111111111
1111111111111111111111111111111111111111111111111111111111111111
1111111111111111111111111111111111111111111111111111111111111111
1111111111111111111111111111111111111111111111111111111111111111
1111111111111111111111111111111111111111111111111111111111111111
1111111111111111111111111111111111111111111111111111111111111111
1111111111111111111111111111111111111111111111111111111111111111
1111111111111111111111111111111111111111111111111111111111111111
1111111111111111111111111111111111111111111111111111111111111111
1111111111111111111111111111111111111111111111111111111111111111
1111111111111111111111111111111111111111111111111111111111111111
1111111111111111111111111111111111111111111111111111111111111111
1111111111111111111111111111111111111111111111111111111111111111
1111111111111111111111111111111111111111111111111111111111111111
1111111111111111111111111111111111111111111111111111111111111111
1111111111111111111111111111111111111111111111111111111111111111
1111111111111111111111111111111111111111111111111111111111111111
1111111111111111111111111111111111111111111111111111111111111111
1111111111111111111111111111111111111111111111111111111111111111
1111111111111111111111111111111111111111111111111111111111111111
1111111111111111111111111111111111111111111111111111111111111111
1111111111111111111111111111111111111111111111111111111111111111
Image 28:
0000000000000000000000000000000000000000000000010000000000000000
0000000000000000000000000000000000000000000000100000000000000000
0000000000000000000000000000000000001000000000110000000000000000
0000000000000000000000000000000000000100000000110000000000000000
0000000000000000000000000000000000000000000011000000000000000000
0000000000000000000000000000000000000000000011000000000000000000
0000000000000000000000000000000001000000000000110000000000000000
0000000000000000000000000000000001000000000000000000000000000000
0000000000000000000000000000000000000000000000000000000000000000
0000000000000000000000000000000000001100000000000000000000000000
0000000000000000000000000000000000000010000000000000000000000000
0000000000000000000000000000000000000001000000000000000000000000
0000000000000000000000000000000000000000000000000000000000000000
0000000000000000000000000000000000000000000000000000000000000000
0000000000000000000000000000000000000000000000000000000000000000
0000000000000000000000000000000000000000000000000000000000000000
0000000000000000000000000000000000000000000000000000000000001100
0000000000000000000000000000000000000000000000000000000000001100
0000000000000000000000000000000010000000000000000000000000001100
0000000000000000000000000000000010000000000000000000000000001100
0000000000000000000000000000000011000000000000000000000000110000
0000000000000000000000000000000011000000000000000000000000000000
0000000000000000000000000000000000000000000000000000000010000100
0000000000000000000000000000000000000000000000000000000001001000
0000000000000000000000000000000000110111000000000000010000100000
0000000000000000000000000000000000111000000011000000010011100000
0000000000000000000000000000000001000111000000010000110000100000
0000000000000000000000000000000001001000000000010000110000100000
0000000000000000000000000000000000000010000011000000110100000000
0000000000000000000000000000000000000001000011000011110100000000
0000000000000000000000000000000000000011000000100001000011110000
0000000000000000000000000000000000110000000000010010000011110000
0000000000000000000000000000000000000000000000000000000000000000
0000000000000000000000000000000000000000000000000000000000000000
0000000000000000000000000000000000000000000000000000000000000000
0000000000000000000000000000000000000000000000000000000000000000
0000000000000000000000000000000000000000000000000000000000000000
0000000000000000000000000000000000000000000000000000000000000000
0000000000000000000000000000000000000000000000000000000000000000
0000000000000000000000000000000000000000000000000000000000000000
0000000000000000000000000000000000000000000000000000000000000000
0000000000000000000000000000000000000000000000000000000000000000
0000000000000000000000000000000000000000000000000000000000000000
0000000000000000000000000000000000000000000000000000000000000000
0000000000000000000000000000000000000000000000000000000000000000
0000000000000000000000000000000000000000000000000000000000000000
0000000000000000000000000000000000000000000000000000000000000000
0000000000000000000000000000000000000000000000000000000000000000
0000000000000000000000000000000000000000000000000000000000000000
0000000000000000000000000000000000000000000000000000000000000000
0000000000000000000000000000000000000000000000000000000000000000
0000000000000000000000000000000000000000000000000000000000000000
0000000000000000000000000000000000000000000000000000000000000000
0000000000000000000000000000000000000000000000000000000000000000
0000000000000000000000000000000000000000000000000000000000000000
0000000000000000000000000000000000000000000000000000000000000000
0000000000000000000000000000000000000000000000000000000000000000
0000000000000000000000000000000000000000000000000000000000000000
0000000000000000000000000000000000000000000000000000000000000000
0000000000000000000000000000000000000000000000000000000000000000
0000000000000000000000000000000000000000000000000000000000000000
0000000000000000000000000000000000000000000000000000000000000000
0000000000000000000000000000000000000000000000000000000000000000
0000000000000000000000000000000000000000000000000000000000000000
Image 29:
1111111111111111111111111111111111111111111111111111111111111111
1111111111111111111111111111111111111111111111111111111111111111
1111111111111111111111111111111111111111111111111111111111111111
1111111111111111111111111111111111111111111111111111111111111111
1111111111111111111111111111111111111111111111111111111111111111
1111111111111111111111111111111111111111111111111111111111111111
1111111111111111111111111111111111111111111111111111111111111111
1111111111111111111111111111111111111111111111111111111111111111
1111111111111111111111111111111111111111111111111111111111111111
1111111111111111111111111111111111111111111111111111111111111111
1111111111111111111111111111111111111111111111111111111111111111
1111111111111111111111111111111111111111111111111111111111111111
1111111111111111111111111111111111111111111111111111111111111111
1111111111111111111111111111111111111111111111111111111111111111
1111111111111111111111111111111111111111111111111111111111111111
1111111111111111111111111111111111111111111111111111111111111111
1111111111111111111111111111111111111111111111111111111111111111
1111111111111111111111111111111111111111111111111111111111111111
1111111111111111111111111111111111111111111111111111111111111111
1111111111111111111111111111111111111111111111111111111111111111
1111111111111111111111111111111111111111111111111111111111111111
1111111111111111111111111111111111111111111111111111111111111111
1111111111111111111111111111111111111111111111111111111111111111
1111111111111111111111111111111111111111111111111111111111111111
1111111111111111111111111111111111111111111111111111111111111111
1111111111111111111111111111111111111111111111111111111111111111
1111111111111111111111111111111111111111111111111111111111111111
1111111111111111111111111111111111111111111111111111111111111111
1111111111111111111111111111111111111111111111111111111111111111
1111111111111111111111111111111111111111111111111111111111111111
1111111111111111111111111111111111111111111111111111111111111111
1111111111111111111111111111111111111111111111111111111111111111
1111111111111111111111111111111111111111111111111111111111111111
1111111111111111111111111111111111111111111111111111111111111111
1111111111111111111111111111111111111111111111111111111111111111
1111111111111111111111111111111111111111111111111111111111111111
1111111111111111111111111111111111111111111111111111111111111111
1111111111111111111111111111111111111111111111111111111111111111
1111111111111111111111111111111111111111111111111111111111111111
1111111111111111111111111111111111111111111111111111111111111111
1111111111111111111111111111111111111111111111111111111111111111
1111111111111111111111111111111111111111111111111111111111111111
1111111111111111111111111111111111111111111111111111111111111111
1111111111111111111111111111111111111111111111111111111111111111
1111111111111111111111111111111111111111111111111111111111111111
1111111111111111111111111111111111111111111111111111111111111111
1111111111111111111111111111111111111111111111111111111111111111
1111111111111111111111111111111111111111111111111111111111111111
1111111111111111111111111111111111111111111111111111111111111111
1111111111111111111111111111111111111111111111111111111111111111
1111111111111111111111111111111111111111111111111111111111111111
1111111111111111111111111111111111111111111111111111111111111111
1111111111111111111111111111111111111111111111111111111111111111
1111111111111111111111111111111111111111111111111111111111111111
1111111111111111111111111111111111111111111111111111111111111111
1111111111111111111111111111111111111111111111111111111111111111
1111111111111111111111111111111111111111111111111111111111111111
1111111111111111111111111111111111111111111111111111111111111111
1111111111111111111111111111111111111111111111111111111111111111
1111111111111111111111111111111111111111111111111111111111111111
1111111111111111111111111111111111111111111111111111111111111111
1111111111111111111111111111111111111111111111111111111111111111
1111111111111111111111111111111111111111111111111111111111111111
1111111111111111111111111111111111111111111111111111111111111111
Image 30:
0000000000000000000000000000000000000000000000000000000000000000
0000000000000000000000000000000000000000000000000000000000000000
0000000000000000000000000000000000000000000000000000000000000000
0000000000000000000000000000000000000000000000000000000000000000
0000000000000000000000000000000000000000000000000000000000000000
0000000000000000000000000000000000000000000000000000000000000000
0000000000000000000000000000000000000000000000000000000000000000
0000000000000000000000000000000000000000000000000000000000000000
0000000000000000000000000000000000000000000000000000000000000000
0000000000000000000000000000000000000000000000000000000000000000
0000000000000000000000000000000000000000000000000000000000000000
0000000000000000000000000000000000000000000000000000000000000000
0000000000000000000000000000000000000000000000000000000000000000
0000000000000000000000000000000000000000000000000000000000000000
0000000000000000000000000000000000000000000000000000000000000000
0000000000000000000000000000000000000000000000000000000000000000
0000000000000000000000000000000000000000000000000000000000000000
0000000000000000000000000000000000000000000000000000000000000000
0000000000000000000000000000000000000000000000000000000000000000
0000000000000000000000000000000000000000000000000000000000000000
0000000000000000000000000000000000000000000000000000000000000000
0000000000000000000000000000000000000000000000000000000000000000
0000000000000000000000000000000000000000000000000000000000000000
0000000000000000000000000000000000000000000000000000000000000000
0000000000000000000000000000000000000000000000000000000000000000
0000000000000000000000000000000000000000000000000000000000000000
0000000000000000000000000000000000000000000000000000000000000000
0000000000000000000000000000000000000000000000000000000000000000
0000000000000000000000000000000000000000000000000000000000000000
0000000000000000000000000000000000000000000000000000000000000000
0000000000000000000000000000000000000000000000000000000000000000
0000000000000000000000000000000000000000000000000000000000000000
0000000000000000000000000000000000000000000000000000000000000000
0000000000000000000000000000000000000000000000000000000000000000
0000000000000000000000000000000000000000000000000000000000000000
0000000000000000000000000000000000000000000000000000000000000000
0000000000000000000000000000000000000000000000000000000000000000
0000000000000000000000000000000000000000000000000000000000000000
0000000000000000000000000000000000000000000000000000000000000000
0000000000000000000000000000000000000000000000000000000000000000
0000000000000000000000000000000000000000000000000000000000000000
0000000000000000000000000000000000000000000000000000000000000000
0000000000000000000000000000000000000000000000000000000000000000
0000000000000000000000000000000000000000000000000000000000000000
0000000000000000000000000000000000000000000000000000000000000000
0000000000000000000000000000000000000000000000000000000000000000
0000000000000000000000000000000000000000000000000000000000000000
0000000000000000000000000000000000000000000000000000000000000000
0000000000000000000000000000000000000000000000000000000000000000
0000000000000000000000000000000000000000000000000000000000000000
0000000000000000000000000000000000000000000000000000000000000000
0000000000000000000000000000000000000000000000000000000000000000
0000000000000000000000000000000000000000000000000000000000000000
0000000000000000000000000000000000000000000000000000000000000000
0000000000000000000000000000000000000000000000000000000000000000
0000000000000000000000000000000000000000000000000000000000000000
0000000000000000000000000000000000000000000000000000000000000000
0000000000000000000000000000000000000000000000000000000000000000
0000000000000000000000000000000000000000000000000000000000000000
0000000000000000000000000000000000000000000000000000000000000000
0000000000000000000000000000000000000000000000000000000000000000
0000000000000000000000000000000000000000000000000000000000000000
0000000000000000000000000000000000000000000000000000000000000000
0000000000000000000000000000000000000000000000000000000000000000
Image 31:
11111111111111110111000011110000
11111111111111110100000011110000
11111111111111110011000011110000
11111111111111110011000011110000
11111111111111111111010100001111
11111111111111111111011000001111
11111111111111111111001100001111
11111111111111111111001100001111
11111111111111110000000011110000
11111111111111110000000011110000
11111111111111110000000011110000
11111111111111110000000011110000
11111111111111111111111111011111
11111111111111111111111111101111
11111111111111111111111100011111
11111111111111111111111100011111
11111111111100001111111111111111
11111111111100001111111111111111
11111111111100001111111111111111
11111111111100001111111111111111
11111111000011111111111111111111
11111111000011111111111111111111
11111111000011111111111111111111
11111111000011111111111111111111
11111111000000001111111111111111
11111111000000001111111111111111
11111111000000001111111111111111
11111111000000001111111111111111
11111111000000001111111111111111
11111111000000001111111111111111
11111111000000001111111111111111
11111111000000001111111111111111
Image 32:
00000000000000001000111100001111
00000000000000001011111100001111
00000000000000001100111100001111
00000000000000001100111100001111
00000000000000000000101011110000
00000000000000000000100111110000
00000000000000000000110011110000
00000000000000000000110011110000
00000000000000001111111100001111
00000000000000001111111100001111
00000000000000001111111100001111
00000000000000001111111100001111
00000000000000000000000000100000
00000000000000000000000000010000
00000000000000000000000011100000
00000000000000000000000011100000
00000000000011110000000000000000
00000000000011110000000000000000
00000000000011110000000000000000
00000000000011110000000000000000
00000000111100000000000000000000
00000000111100000000000000000000
00000000111100000000000000000000
00000000111100000000000000000000
00000000111111110000000000000000
00000000111111110000000000000000
00000000111111110000000000000000
00000000111111110000000000000000
00000000111111110000000000000000
00000000111111110000000000000000
00000000111111110000000000000000
00000000111111110000000000000000
Image 33:
11111111111111111111111111111111
11111111111111111111111111111111
11111111111111111111111111111111
11111111111111111111111111111111
11111111111111111111111111111111
11111111111111111111111111111111
11111111111111111111111111111111
11111111111111111111111111111111
11111111111111111111111111111111
11111111111111111111111111111111
11111111111111111111111111111111
11111111111111111111111111111111
11111111111111111111111111111111
11111111111111111111111111111111
11111111111111111111111111111111
11111111111111111111111111111111
11111111111111111111111111111111
11111111111111111111111111111111
11111111111111111111111111111111
11111111111111111111111111111111
11111111111111111111111111111111
11111111111111111111111111111111
11111111111111111111111111111111
11111111111111111111111111111111
11111111111111111111111111111111
11111111111111111111111111111111
11111111111111111111111111111111
11111111111111111111111111111111
11111111111111111111111111111111
11111111111111111111111111111111
11111111111111111111111111111111
11111111111111111111111111111111
Image 34:
00000000000000000000000000000000
00000000000000000000000000000000
00000000000000000000000000000000
00000000000000000000000000000000
00000000000000000000000000000000
00000000000000000000000000000000
00000000000000000000000000000000
00000000000000000000000000000000
00000000000000000000000000000000
00000000000000000000000000000000
00000000000000000000000000000000
00000000000000000000000000000000
00000000000000000000000000000000
00000000000000000000000000000000
00000000000000000000000000000000
00000000000000000000000000000000
00000000000000000000000000000000
00000000000000000000000000000000
00000000000000000000000000000000
00000000000000000000000000000000
00000000000000000000000000000000
00000000000000000000000000000000
00000000000000000000000000000000
00000000000000000000000000000000
00000000000000000000000000000000
00000000000000000000000000000000
00000000000000000000000000000000
00000000000000000000000000000000
00000000000000000000000000000000
00000000000000000000000000000000
00000000000000000000000000000000
00000000000000000000000000000000
Image 35:
1111111111111111011100001111000011111111111111111111111111111111
1111111111111111010000001111000011111111111111111111111111111111
1111111111111111001100001111000011111111111111111111111111111111
1111111111111111001100001111000011111111111111111111111111111111
1111111111111111111101010000111111111111111111111111111111111111
1111111111111111111101100000111111111111111111111111111111111111
1111111111111111111100110000111111111111111111111111111111111111
1111111111111111111100110000111111111111111111111111111111111111
1111111111111111000000001111000011111111111111111111111111111111
1111111111111111000000001111000011111111111111111111111111111111
1111111111111111000000001111000011111111111111111111111111111111
1111111111111111000000001111000011111111111111111111111111111111
1111111111111111111111111101111111111111111111111111111111111111
1111111111111111111111111110111111111111111111111111111111111111
1111111111111111111111110001111111111111111111111111111111111111
1111111111111111111111110001111111111111111111111111111111111111
1111111111110000111111111111111111111111111111111111111111111111
1111111111110000111111111111111111111111111111111111111111111111
1111111111110000111111111111111111111111111111111111111111111111
1111111111110000111111111111111111111111111111111111111111111111
1111111100001111111111111111111111111111111111111111111111111111
1111111100001111111111111111111111111111111111111111111111111111
1111111100001111111111111111111111111111111111111111111111111111
1111111100001111111111111111111111111111111111111111111111111111
1111111100000000111111111111111111111111111111111111111111111111
1111111100000000111111111111111111111111111111111111111111111111
1111111100000000111111111111111111111111111111111111111111111111
1111111100000000111111111111111111111111111111111111111111111111
1111111100000000111111111111111111111111111111111111111111111111
1111111100000000111111111111111111111111111111111111111111111111
1111111100000000111111111111111111111111111111111111111111111111
1111111100000000111111111111111111111111111111111111111111111111
0000000000000000100011110000111100000000000000000000000000000000
0000000000000000101111110000111100000000000000000000000000000000
0000000000000000110011110000111100000000000000000000000000000000
0000000000000000110011110000111100000000000000000000000000000000
0000000000000000000010101111000000000000000000000000000000000000
0000000000000000000010011111000000000000000000000000000000000000
0000000000000000000011001111000000000000000000000000000000000000
0000000000000000000011001111000000000000000000000000000000000000
0000000000000000111111110000111100000000000000000000000000000000
0000000000000000111111110000111100000000000000000000000000000000
0000000000000000111111110000111100000000000000000000000000000000
0000000000000000111111110000111100000000000000000000000000000000
0000000000000000000000000010000000000000000000000000000000000000
0000000000000000000000000001000000000000000000000000000000000000
0000000000000000000000001110000000000000000000000000000000000000
0000000000000000000000001110000000000000000000000000000000000000
0000000000001111000000000000000000000000000000000000000000000000
0000000000001111000000000000000000000000000000000000000000000000
0000000000001111000000000000000000000000000000000000000000000000
0000000000001111000000000000000000000000000000000000000000000000
0000000011110000000000000000000000000000000000000000000000000000
0000000011110000000000000000000000000000000000000000000000000000
0000000011110000000000000000000000000000000000000000000000000000
0000000011110000000000000000000000000000000000000000000000000000
0000000011111111000000000000000000000000000000000000000000000000
0000000011111111000000000000000000000000000000000000000000000000
0000000011111111000000000000000000000000000000000000000000000000
0000000011111111000000000000000000000000000000000000000000000000
0000000011111111000000000000000000000000000000000000000000000000
0000000011111111000000000000000000000000000000000000000000000000
0000000011111111000000000000000000000000000000000000000000000000
0000000011111111000000000000000000000000000000000000000000000000
Image 36:
11111111111111111111111111111111
11111111111111111100111111111111
11111111111111111011111111111111
11111111111111111011111111111111
11111111111111111111011111111111
11111111111111111111011111111111
11111111111111111111001111111111
11111111111111111111001111111111
11111111111111111111111111110001
11111111111111111111111111110001
11111111111111111111111111111100
11111111111111111111111111111111
11111111111111111111111111010111
11111111111111111111111111101011
11111111111111111111111111010111
11111111111111111111111100010111
11111101111111011111111111111111
11111110111111101111111111111111
11111000111111111111111111111111
11110100111111111111111111111111
11010011110011101111111111111111
00010011110011101111111111111111
01111111101111111111111111111111
10111111101111111111111111111111
10000011011101111111111111111111
10111111101110111111111111111111
11110011001111111111111111111111
11111111001111001111111111111111
11111100111010101111111111111111
11111111110110101111111111111111
11111011110011101111111111111111
11111011111111011111111111111111
Image 37:
00000000000000000000000000000000
00000000000000000011000000000000
00000000000000000100000000000000
00000000000000000100000000000000
00000000000000000000100000000000
00000000000000000000100000000000
00000000000000000000110000000000
00000000000000000000110000000000
00000000000000000000000000001110
00000000000000000000000000001110
00000000000000000000000000000011
00000000000000000000000000000000
00000000000000000000000000101000
00000000000000000000000000010100
00000000000000000000000000101000
00000000000000000000000011101000
00000010000000100000000000000000
00000001000000010000000000000000
00000111000000000000000000000000
00001011000000000000000000000000
00101100001100010000000000000000
11101100001100010000000000000000
10000000010000000000000000000000
01000000010000000000000000000000
01111100100010000000000000000000
01000000010001000000000000000000
00001100110000000000000000000000
00000000110000110000000000000000
00000011000101010000000000000000
00000000001001010000000000000000
00000100001100010000000000000000
00000100000000100000000000000000
Image 38:
11111111111111111111111111111111
11111111111111111111111111111111
11111111111111111111111111111111
11111111111111111111111111111111
11111111111111111111111111111111
11111111111111111111111111111111
11111111111111111111111111111111
11111111111111111111111111111111
11111111111111111111111111111111
11111111111111111111111111111111
11111111111111111111111111111111
11111111111111111111111111111111
11111111111111111111111111111111
11111111111111111111111111111111
11111111111111111111111111111111
11111111111111111111111111111111
11111111111111111111111111111111
11111111111111111111111111111111
11111111111111111111111111111111
11111111111111111111111111111111
11111111111111111111111111111111
11111111111111111111111111111111
11111111111111111111111111111111
11111111111111111111111111111111
11111111111111111111111111111111
11111111111111111111111111111111
11111111111111111111111111111111
11111111111111111111111111111111
11111111111111111111111111111111
11111111111111111111111111111111
11111111111111111111111111111111
11111111111111111111111111111111
Image 39:
00000000000000000000000000000000
00000000000000000000000000000000
00000000000000000000000000000000
00000000000000000000000000000000
00000000000000000000000000000000
00000000000000000000000000000000
00000000000000000000000000000000
00000000000000000000000000000000
00000000000000000000000000000000
00000000000000000000000000000000
00000000000000000000000000000000
00000000000000000000000000000000
00000000000000000000000000000000
00000000000000000000000000000000
00000000000000000000000000000000
00000000000000000000000000000000
00000000000000000000000000000000
00000000000000000000000000000000
00000000000000000000000000000000
00000000000000000000000000000000
00000000000000000000000000000000
00000000000000000000000000000000
00000000000000000000000000000000
00000000000000000000000000000000
00000000000000000000000000000000
00000000000000000000000000000000
00000000000000000000000000000000
00000000000000000000000000000000
00000000000000000000000000000000
00000000000000000000000000000000
00000000000000000000000000000000
00000000000000000000000000000000
Image 40:
1111111111111111111111111111111111111111111111111111111111111111
1111111111111111110011111111111111111111111111111111111111111111
1111111111111111101111111111111111111111111111111111111111111111
1111111111111111101111111111111111111111111111111111111111111111
1111111111111111111101111111111111111111111111111111111111111111
1111111111111111111101111111111111111111111111111111111111111111
1111111111111111111100111111111111111111111111111111111111111111
1111111111111111111100111111111111111111111111111111111111111111
1111111111111111111111111111000111111111111111111111111111111111
1111111111111111111111111111000111111111111111111111111111111111
1111111111111111111111111111110011111111111111111111111111111111
1111111111111111111111111111111111111111111111111111111111111111
1111111111111111111111111101011111111111111111111111111111111111
1111111111111111111111111110101111111111111111111111111111111111
1111111111111111111111111101011111111111111111111111111111111111
1111111111111111111111110001011111111111111111111111111111111111
1111110111111101111111111111111111111111111111111111111111111111
1111111011111110111111111111111111111111111111111111111111111111
1111100011111111111111111111111111111111111111111111111111111111
1111010011111111111111111111111111111111111111111111111111111111
1101001111001110111111111111111111111111111111111111111111111111
0001001111001110111111111111111111111111111111111111111111111111
0111111110111111111111111111111111111111111111111111111111111111
1011111110111111111111111111111111111111111111111111111111111111
1000001101110111111111111111111111111111111111111111111111111111
1011111110111011111111111111111111111111111111111111111111111111
1111001100111111111111111111111111111111111111111111111111111111
1111111100111100111111111111111111111111111111111111111111111111
1111110011101010111111111111111111111111111111111111111111111111
1111111111011010111111111111111111111111111111111111111111111111
1111101111001110111111111111111111111111111111111111111111111111
1111101111111101111111111111111111111111111111111111111111111111
0000000000000000000000000000000000000000000000000000000000000000
0000000000000000001100000000000000000000000000000000000000000000
0000000000000000010000000000000000000000000000000000000000000000
0000000000000000010000000000000000000000000000000000000000000000
0000000000000000000010000000000000000000000000000000000000000000
0000000000000000000010000000000000000000000000000000000000000000
0000000000000000000011000000000000000000000000000000000000000000
0000000000000000000011000000000000000000000000000000000000000000
0000000000000000000000000000111000000000000000000000000000000000
0000000000000000000000000000111000000000000000000000000000000000
0000000000000000000000000000001100000000000000000000000000000000
0000000000000000000000000000000000000000000000000000000000000000
0000000000000000000000000010100000000000000000000000000000000000
0000000000000000000000000001010000000000000000000000000000000000
0000000000000000000000000010100000000000000000000000000000000000
0000000000000000000000001110100000000000000000000000000000000000
0000001000000010000000000000000000000000000000000000000000000000
0000000100000001000000000000000000000000000000000000000000000000
0000011100000000000000000000000000000000000000000000000000000000
0000101100000000000000000000000000000000000000000000000000000000
0010110000110001000000000000000000000000000000000000000000000000
1110110000110001000000000000000000000000000000000000000000000000
1000000001000000000000000000000000000000000000000000000000000000
0100000001000000000000000000000000000000000000000000000000000000
0111110010001000000000000000000000000000000000000000000000000000
0100000001000100000000000000000000000000000000000000000000000000
0000110011000000000000000000000000000000000000000000000000000000
0000000011000011000000000000000000000000000000000000000000000000
0000001100010101000000000000000000000000000000000000000000000000
0000000000100101000000000000000000000000000000000000000000000000
0000010000110001000000000000000000000000000000000000000000000000
0000010000000010000000000000000000000000000000000000000000000000
